\BOOKMARK [0][-]{chapter.1}{\376\377\137\025\212\000}{}% 1
\BOOKMARK [1][-]{section.1.1}{\376\377\137\025\212\000}{chapter.1}% 2
\BOOKMARK [1][-]{section.1.2}{\376\377\133\236\232\214\121\205\133\271}{chapter.1}% 3
\BOOKMARK [1][-]{section.1.3}{\376\377\133\236\232\214\213\276\213\241}{chapter.1}% 4
\BOOKMARK [1][-]{section.1.4}{\376\377\133\236\232\214\163\257\130\203\221\115\177\156}{chapter.1}% 5
\BOOKMARK [2][-]{subsection.1.4.1}{\376\377\206\132\142\337\147\072\136\163\123\360\116\345\123\312\225\134\120\317}{section.1.4}% 6
\BOOKMARK [2][-]{subsection.1.4.2}{\376\377\116\244\123\311\177\026\213\321\126\150}{section.1.4}% 7
\BOOKMARK [2][-]{subsection.1.4.3}{\376\377\000l\000o\000o\000n\000g\000a\000r\000c\000h\0006\0004\116\377\167\037\126\150}{section.1.4}% 8
\BOOKMARK [0][-]{chapter.2}{\376\377\133\236\232\214\116\000\377\032\121\205\150\070\060\001\124\057\122\250\124\214\000p\000r\000i\000n\000t\000f}{}% 9
\BOOKMARK [1][-]{section.2.1}{\376\377\133\236\232\214\166\356\166\204}{chapter.2}% 10
\BOOKMARK [1][-]{section.2.2}{\376\377\144\315\117\134\174\373\176\337\166\204\124\057\122\250}{chapter.2}% 11
\BOOKMARK [2][-]{subsection.2.2.1}{\376\377\170\154\116\366\152\041\142\337\126\150}{section.2.2}% 12
\BOOKMARK [2][-]{subsection.2.2.2}{\376\377\170\154\116\366\152\041\142\337\126\150\166\204\124\057\122\250\155\101\172\013}{section.2.2}% 13
\BOOKMARK [1][-]{section.2.3}{\376\377\121\205\150\070\377\014\124\057\122\250\377\001}{chapter.2}% 14
\BOOKMARK [2][-]{subsection.2.3.1}{\376\377\000M\000a\000k\000e\000f\000i\000l\000e\040\024\121\205\150\070\116\343\170\001\166\204\127\060\126\376}{section.2.3}% 15
\BOOKMARK [2][-]{subsection.2.3.2}{\376\377\000E\000L\000F\040\024\144\315\117\134\174\373\176\337\121\205\150\070\166\204\147\054\215\050}{section.2.3}% 16
\BOOKMARK [2][-]{subsection.2.3.3}{\376\377\000L\000i\000n\000k\000e\000r\000S\000c\000r\000i\000p\000t\040\024\143\247\122\066\121\205\150\070\122\240\217\175\127\060\127\100}{section.2.3}% 17
\BOOKMARK [2][-]{subsection.2.3.4}{\376\377\000\137\000s\000t\000a\000r\000t\040\024\172\013\136\217\142\147\210\114\166\204\173\054\116\000\147\141\143\007\116\344}{section.2.3}% 18
\BOOKMARK [1][-]{section.2.4}{\376\377\133\236\142\030\000p\000r\000i\000n\000t\000k}{chapter.2}% 19
\BOOKMARK [1][-]{section.2.5}{\376\377\133\236\232\214\116\000\153\143\170\156\176\323\147\234}{chapter.2}% 20
\BOOKMARK [0][-]{chapter.3}{\376\377\133\236\232\214\116\214\377\032\121\205\133\130\173\241\164\006}{}% 21
\BOOKMARK [1][-]{section.3.1}{\376\377\133\236\232\214\166\356\166\204}{chapter.3}% 22
\BOOKMARK [1][-]{section.3.2}{\376\377\000l\000o\000o\000n\000g\000a\000r\000c\000h\0006\0004\166\204\213\277\133\130\155\101\172\013}{chapter.3}% 23
\BOOKMARK [2][-]{subsection.3.2.1}{\376\377\000C\000P\000U\123\321\121\372\127\060\127\100}{section.3.2}% 24
\BOOKMARK [2][-]{subsection.3.2.2}{\376\377\206\132\142\337\127\060\127\100\146\040\134\004\122\060\162\151\164\006\127\060\127\100}{section.3.2}% 25
\BOOKMARK [1][-]{section.3.3}{\376\377\121\205\150\070\172\013\136\217\124\057\122\250}{chapter.3}% 26
\BOOKMARK [2][-]{subsection.3.3.1}{\376\377\000l\000a\0003\0002\000r\000\137\000d\000e\000t\000e\000c\000t\000\137\000m\000e\000m\000o\000r\000y}{section.3.3}% 27
\BOOKMARK [2][-]{subsection.3.3.2}{\376\377\000l\000a\0003\0002\000r\000\137\000v\000m\000\137\000i\000n\000i\000t}{section.3.3}% 28
\BOOKMARK [1][-]{section.3.4}{\376\377\162\151\164\006\121\205\133\130\173\241\164\006}{chapter.3}% 29
\BOOKMARK [2][-]{subsection.3.4.1}{\376\377\224\376\210\150\133\217}{section.3.4}% 30
\BOOKMARK [2][-]{subsection.3.4.2}{\376\377\230\165\143\247\122\066\127\127}{section.3.4}% 31
\BOOKMARK [2][-]{subsection.3.4.3}{\376\377\121\166\116\326\166\370\121\163\121\375\145\160}{section.3.4}% 32
\BOOKMARK [2][-]{subsection.3.4.4}{\376\377\133\236\232\214\176\323\147\234\134\125\171\072}{section.3.4}% 33
\BOOKMARK [1][-]{section.3.5}{\376\377\206\132\142\337\121\205\133\130\173\241\164\006}{chapter.3}% 34
\BOOKMARK [2][-]{subsection.3.5.1}{\376\377\116\214\176\247\230\165\210\150\176\323\147\204}{section.3.5}% 35
\BOOKMARK [2][-]{subsection.3.5.2}{\376\377\116\016\230\165\210\150\166\370\121\163\166\204\121\375\145\160}{section.3.5}% 36
\BOOKMARK [1][-]{section.3.6}{\376\377\213\277\225\356\121\205\133\130\116\016\000T\000L\000B\221\315\130\153}{chapter.3}% 37
\BOOKMARK [2][-]{subsection.3.6.1}{\376\377\000T\000L\000B\166\370\121\163\166\204\122\115\177\156\167\345\213\306}{section.3.6}% 38
\BOOKMARK [2][-]{subsection.3.6.2}{\376\377\000T\000L\000B\176\364\142\244\155\101\172\013}{section.3.6}% 39
\BOOKMARK [1][-]{section.3.7}{\376\377\133\236\232\214\153\143\170\156\176\323\147\234}{chapter.3}% 40
\BOOKMARK [2][-]{subsection.3.7.1}{\376\377\133\236\232\214\116\343\170\001\122\237\200\375\211\343\221\312}{section.3.7}% 41
\BOOKMARK [2][-]{subsection.3.7.2}{\376\377\153\143\170\156\133\236\232\214\176\323\147\234\134\125\171\072}{section.3.7}% 42
\BOOKMARK [0][-]{chapter.4}{\376\377\133\236\232\214\116\011\377\032\217\333\172\013\116\016\137\002\136\070}{}% 43
\BOOKMARK [1][-]{section.4.1}{\376\377\133\236\232\214\166\356\166\204}{chapter.4}% 44
\BOOKMARK [1][-]{section.4.2}{\376\377\217\333\172\013}{chapter.4}% 45
\BOOKMARK [2][-]{subsection.4.2.1}{\376\377\217\333\172\013\143\247\122\066\127\127}{section.4.2}% 46
\BOOKMARK [2][-]{subsection.4.2.2}{\376\377\153\265\127\060\127\100\146\040\134\004}{section.4.2}% 47
\BOOKMARK [2][-]{subsection.4.2.3}{\376\377\217\333\172\013\166\204\150\007\213\306}{section.4.2}% 48
\BOOKMARK [2][-]{subsection.4.2.4}{\376\377\213\276\177\156\217\333\172\013\143\247\122\066\127\127}{section.4.2}% 49
\BOOKMARK [2][-]{subsection.4.2.5}{\376\377\122\240\217\175\116\214\217\333\122\066\225\134\120\317}{section.4.2}% 50
\BOOKMARK [2][-]{subsection.4.2.6}{\376\377\122\033\136\372\217\333\172\013}{section.4.2}% 51
\BOOKMARK [2][-]{subsection.4.2.7}{\376\377\217\333\172\013\217\320\210\114\116\016\122\007\143\142}{section.4.2}% 52
\BOOKMARK [2][-]{subsection.4.2.8}{\376\377\133\236\232\214\153\143\170\156\176\323\147\234}{section.4.2}% 53
\BOOKMARK [1][-]{section.4.3}{\376\377\116\055\145\255\116\016\117\213\131\026}{chapter.4}% 54
\BOOKMARK [2][-]{subsection.4.3.1}{\376\377\117\213\131\026\166\204\122\006\123\321}{section.4.3}% 55
\BOOKMARK [2][-]{subsection.4.3.2}{\376\377\117\213\131\026\124\021\221\317\176\304}{section.4.3}% 56
\BOOKMARK [2][-]{subsection.4.3.3}{\376\377\145\366\224\237\116\055\145\255}{section.4.3}% 57
\BOOKMARK [2][-]{subsection.4.3.4}{\376\377\217\333\172\013\214\003\136\246}{section.4.3}% 58
\BOOKMARK [1][-]{section.4.4}{\376\377\116\343\170\001\133\374\213\373}{chapter.4}% 59
\BOOKMARK [1][-]{section.4.5}{\376\377\133\236\232\214\153\143\170\156\176\323\147\234}{chapter.4}% 60
\BOOKMARK [0][-]{chapter.5}{\376\377\133\236\232\214\126\333\377\032\174\373\176\337\214\003\165\050\116\016\000F\000O\000R\000K}{}% 61
\BOOKMARK [1][-]{section.5.1}{\376\377\133\236\232\214\166\356\166\204}{chapter.5}% 62
\BOOKMARK [1][-]{section.5.2}{\376\377\174\373\176\337\214\003\165\050\000\050\000S\000y\000s\000t\000e\000m\000\040\000C\000a\000l\000l\000\051}{chapter.5}% 63
\BOOKMARK [2][-]{subsection.5.2.1}{\376\377\165\050\142\067\140\001\116\016\121\205\150\070\140\001}{section.5.2}% 64
\BOOKMARK [2][-]{subsection.5.2.2}{\376\377\174\373\176\337\214\003\165\050\133\236\117\213}{section.5.2}% 65
\BOOKMARK [2][-]{subsection.5.2.3}{\376\377\174\373\176\337\214\003\165\050\147\072\122\066\166\204\133\236\163\260}{section.5.2}% 66
\BOOKMARK [2][-]{subsection.5.2.4}{\376\377\127\372\170\100\174\373\176\337\214\003\165\050\121\375\145\160}{section.5.2}% 67
\BOOKMARK [1][-]{section.5.3}{\376\377\217\333\172\013\225\364\220\032\117\341\147\072\122\066\000\050\000I\000P\000C\000\051}{chapter.5}% 68
\BOOKMARK [1][-]{section.5.4}{\376\377\000F\000o\000r\000k}{chapter.5}% 69
\BOOKMARK [2][-]{subsection.5.4.1}{\376\377\122\035\172\245\000\040\000f\000o\000r\000k}{section.5.4}% 70
\BOOKMARK [2][-]{subsection.5.4.2}{\376\377\121\231\145\366\131\015\122\066\147\072\122\066}{section.5.4}% 71
\BOOKMARK [2][-]{subsection.5.4.3}{\376\377\000f\000o\000r\000k\000\040\166\204\217\324\126\336\120\074}{section.5.4}% 72
\BOOKMARK [2][-]{subsection.5.4.4}{\376\377\127\060\127\100\172\172\225\364\166\204\121\306\131\007}{section.5.4}% 73
\BOOKMARK [2][-]{subsection.5.4.5}{\376\377\230\165\121\231\121\145\137\002\136\070}{section.5.4}% 74
\BOOKMARK [1][-]{section.5.5}{\376\377\133\236\232\214\153\143\170\156\176\323\147\234}{chapter.5}% 75
\BOOKMARK [0][-]{chapter.6}{\376\377\133\236\232\214\116\224\377\032\145\207\116\366\174\373\176\337}{}% 76
\BOOKMARK [1][-]{section.6.1}{\376\377\133\236\232\214\166\356\166\204}{chapter.6}% 77
\BOOKMARK [1][-]{section.6.2}{\376\377\145\207\116\366\174\373\176\337\151\202\217\360}{chapter.6}% 78
\BOOKMARK [2][-]{subsection.6.2.1}{\376\377\145\207\116\366\174\373\176\337\166\204\213\276\213\241\116\016\133\236\163\260}{section.6.2}% 79
\BOOKMARK [1][-]{section.6.3}{\376\377\000I\000D\000E\000\040\170\301\166\330\232\161\122\250}{chapter.6}% 80
\BOOKMARK [2][-]{subsection.6.3.1}{\376\377\121\205\133\130\146\040\134\004\000\040\000I\000/\000O\000\040\000\050\000M\000M\000I\000O\000\051}{section.6.3}% 81
\BOOKMARK [2][-]{subsection.6.3.2}{\376\377\000I\000D\000E\000\040\170\301\166\330}{section.6.3}% 82
\BOOKMARK [2][-]{subsection.6.3.3}{\376\377\232\161\122\250\172\013\136\217\177\026\121\231}{section.6.3}% 83
\BOOKMARK [1][-]{section.6.4}{\376\377\145\207\116\366\174\373\176\337\176\323\147\204}{chapter.6}% 84
\BOOKMARK [2][-]{subsection.6.4.1}{\376\377\170\301\166\330\145\207\116\366\174\373\176\337\136\003\134\100}{section.6.4}% 85
\BOOKMARK [2][-]{subsection.6.4.2}{\376\377\145\207\116\366\174\373\176\337\213\346\176\306\176\323\147\204}{section.6.4}% 86
\BOOKMARK [2][-]{subsection.6.4.3}{\376\377\127\127\177\023\133\130}{section.6.4}% 87
\BOOKMARK [1][-]{section.6.5}{\376\377\145\207\116\366\174\373\176\337\166\204\165\050\142\067\143\245\123\343}{chapter.6}% 88
\BOOKMARK [2][-]{subsection.6.5.1}{\376\377\145\207\116\366\143\317\217\360\173\046}{section.6.5}% 89
\BOOKMARK [2][-]{subsection.6.5.2}{\376\377\145\207\116\366\174\373\176\337\147\015\122\241}{section.6.5}% 90
\BOOKMARK [1][-]{section.6.6}{\376\377\133\236\232\214\176\323\147\234\134\125\171\072}{chapter.6}% 91
\BOOKMARK [2][-]{subsection.6.6.1}{\376\377\000I\000D\000E\000\040\170\301\166\330\116\244\116\222}{section.6.6}% 92
\BOOKMARK [2][-]{subsection.6.6.2}{\376\377\145\207\116\366\174\373\176\337\155\113\213\325}{section.6.6}% 93
\BOOKMARK [2][-]{subsection.6.6.3}{\376\377\145\207\116\366\174\373\176\337\147\015\122\241\155\113\213\325}{section.6.6}% 94
\BOOKMARK [0][-]{chapter.7}{\376\377\133\236\232\214\121\155\377\032\173\241\220\123\116\016\000\040\000S\000H\000E\000L\000L}{}% 95
\BOOKMARK [1][-]{section.7.1}{\376\377\133\236\232\214\166\356\166\204}{chapter.7}% 96
\BOOKMARK [1][-]{section.7.2}{\376\377\173\241\220\123}{chapter.7}% 97
\BOOKMARK [2][-]{subsection.7.2.1}{\376\377\122\035\172\245\173\241\220\123}{section.7.2}% 98
\BOOKMARK [2][-]{subsection.7.2.2}{\376\377\000l\000a\0006\0004\000\040\116\055\000\040\000p\000i\000p\000e\000\040\166\204\117\177\165\050\116\016\133\236\163\260}{section.7.2}% 99
\BOOKMARK [2][-]{subsection.7.2.3}{\376\377\173\241\220\123\121\163\225\355\166\204\153\143\170\156\122\044\145\255}{section.7.2}% 100
\BOOKMARK [2][-]{subsection.7.2.4}{\376\377\166\370\121\163\121\375\145\160}{section.7.2}% 101
\BOOKMARK [1][-]{section.7.3}{\376\377\000s\000h\000e\000l\000l}{chapter.7}% 102
\BOOKMARK [2][-]{subsection.7.3.1}{\376\377\133\146\116\140\000\040\000s\000p\000a\000w\000n\000\040\121\375\145\160}{section.7.3}% 103
\BOOKMARK [2][-]{subsection.7.3.2}{\376\377\211\343\221\312\000\040\000s\000h\000e\000l\000l\000\040\124\175\116\344}{section.7.3}% 104
\BOOKMARK [2][-]{subsection.7.3.3}{\376\377\166\370\121\163\121\375\145\160}{section.7.3}% 105
\BOOKMARK [1][-]{section.7.4}{\376\377\133\236\232\214\153\143\170\156\176\323\147\234}{chapter.7}% 106
\BOOKMARK [2][-]{subsection.7.4.1}{\376\377\173\241\220\123\155\113\213\325}{section.7.4}% 107
\BOOKMARK [2][-]{subsection.7.4.2}{\376\377\000s\000h\000e\000l\000l\000\040\155\113\213\325}{section.7.4}% 108
